<?xml version="1.0" encoding="UTF-8"?>
<!-- Generated by org.testng.reporters.JUnitReportReporter -->
<testsuite skipped="0" hostname="DESKTOP-BV5IUMI" name="samplePackageFirst.SampleFirstClass" tests="1" failures="0" timestamp="15 May 2018 11:21:54 GMT" time="0.023" errors="0">
  <testcase name="testData" time="0.023" classname="samplePackageFirst.SampleFirstClass"/>
</testsuite> <!-- samplePackageFirst.SampleFirstClass -->
